# JRE version: Java(TM) SE Runtime Environment (8.0_45-b15) (build 1.8.0_45-b15)
# Java VM: Java HotSpot(TM) 64-Bit Server VM (25.45-b02 mixed mode windows-amd64 compressed oops)
Heap:
 PSYoungGen      total 329728K, used 132682K [0x00000000eab00000, 0x0000000100000000, 0x0000000100000000)
  eden space 310272K, 42% used [0x00000000eab00000,0x00000000f2c92950,0x00000000fda00000)
  from space 19456K, 0% used [0x00000000fda00000,0x00000000fda00000,0x00000000fed00000)
  to   space 19456K, 0% used [0x00000000fed00000,0x00000000fed00000,0x0000000100000000)
 ParOldGen       total 77312K, used 52053K [0x00000000c0000000, 0x00000000c4b80000, 0x00000000eab00000)
  object space 77312K, 67% used [0x00000000c0000000,0x00000000c32d55e8,0x00000000c4b80000)
 Metaspace       used 45267K, capacity 47548K, committed 47832K, reserved 1089536K
  class space    used 6217K, capacity 7051K, committed 7168K, reserved 1048576K
GC Heap History (10 events):
Event: 9.705 GC heap before
{Heap before GC invocations=8 (full 1):
 PSYoungGen      total 217600K, used 208544K [0x00000000eab00000, 0x00000000fa800000, 0x0000000100000000)
  eden space 204800K, 100% used [0x00000000eab00000,0x00000000f7300000,0x00000000f7300000)
  from space 12800K, 29% used [0x00000000f7f00000,0x00000000f82a8050,0x00000000f8b80000)
  to   space 12288K, 0% used [0x00000000f7300000,0x00000000f7300000,0x00000000f7f00000)
 ParOldGen       total 59392K, used 11135K [0x00000000c0000000, 0x00000000c3a00000, 0x00000000eab00000)
  object space 59392K, 18% used [0x00000000c0000000,0x00000000c0adfce0,0x00000000c3a00000)
 Metaspace       used 33471K, capacity 34668K, committed 34944K, reserved 1079296K
  class space    used 4471K, capacity 4917K, committed 4992K, reserved 1048576K
Event: 9.739 GC heap after
Heap after GC invocations=8 (full 1):
 PSYoungGen      total 217088K, used 12266K [0x00000000eab00000, 0x0000000100000000, 0x0000000100000000)
  eden space 204800K, 0% used [0x00000000eab00000,0x00000000eab00000,0x00000000f7300000)
  from space 12288K, 99% used [0x00000000f7300000,0x00000000f7efa818,0x00000000f7f00000)
  to   space 18432K, 0% used [0x00000000fee00000,0x00000000fee00000,0x0000000100000000)
 ParOldGen       total 59392K, used 18227K [0x00000000c0000000, 0x00000000c3a00000, 0x00000000eab00000)
  object space 59392K, 30% used [0x00000000c0000000,0x00000000c11ccfb8,0x00000000c3a00000)
 Metaspace       used 33471K, capacity 34668K, committed 34944K, reserved 1079296K
  class space    used 4471K, capacity 4917K, committed 4992K, reserved 1048576K
}
Event: 9.898 GC heap before
{Heap before GC invocations=9 (full 1):
 PSYoungGen      total 217088K, used 27572K [0x00000000eab00000, 0x0000000100000000, 0x0000000100000000)
  eden space 204800K, 7% used [0x00000000eab00000,0x00000000eb9f2978,0x00000000f7300000)
  from space 12288K, 99% used [0x00000000f7300000,0x00000000f7efa818,0x00000000f7f00000)
  to   space 18432K, 0% used [0x00000000fee00000,0x00000000fee00000,0x0000000100000000)
 ParOldGen       total 59392K, used 18227K [0x00000000c0000000, 0x00000000c3a00000, 0x00000000eab00000)
  object space 59392K, 30% used [0x00000000c0000000,0x00000000c11ccfb8,0x00000000c3a00000)
 Metaspace       used 34363K, capacity 35402K, committed 35416K, reserved 1079296K
  class space    used 4579K, capacity 4989K, committed 4992K, reserved 1048576K
Event: 9.911 GC heap after
Heap after GC invocations=9 (full 1):
 PSYoungGen      total 328704K, used 12863K [0x00000000eab00000, 0x0000000100000000, 0x0000000100000000)
  eden space 310272K, 0% used [0x00000000eab00000,0x00000000eab00000,0x00000000fda00000)
  from space 18432K, 69% used [0x00000000fee00000,0x00000000ffa8fed0,0x0000000100000000)
  to   space 19456K, 0% used [0x00000000fda00000,0x00000000fda00000,0x00000000fed00000)
 ParOldGen       total 59392K, used 19011K [0x00000000c0000000, 0x00000000c3a00000, 0x00000000eab00000)
  object space 59392K, 32% used [0x00000000c0000000,0x00000000c1290ff8,0x00000000c3a00000)
 Metaspace       used 34363K, capacity 35402K, committed 35416K, reserved 1079296K
  class space    used 4579K, capacity 4989K, committed 4992K, reserved 1048576K
}
Event: 9.911 GC heap before
{Heap before GC invocations=10 (full 2):
 PSYoungGen      total 328704K, used 12863K [0x00000000eab00000, 0x0000000100000000, 0x0000000100000000)
  eden space 310272K, 0% used [0x00000000eab00000,0x00000000eab00000,0x00000000fda00000)
  from space 18432K, 69% used [0x00000000fee00000,0x00000000ffa8fed0,0x0000000100000000)
  to   space 19456K, 0% used [0x00000000fda00000,0x00000000fda00000,0x00000000fed00000)
 ParOldGen       total 59392K, used 19011K [0x00000000c0000000, 0x00000000c3a00000, 0x00000000eab00000)
  object space 59392K, 32% used [0x00000000c0000000,0x00000000c1290ff8,0x00000000c3a00000)
 Metaspace       used 34363K, capacity 35402K, committed 35416K, reserved 1079296K
  class space    used 4579K, capacity 4989K, committed 4992K, reserved 1048576K
Event: 9.992 GC heap after
Heap after GC invocations=10 (full 2):
 PSYoungGen      total 328704K, used 0K [0x00000000eab00000, 0x0000000100000000, 0x0000000100000000)
  eden space 310272K, 0% used [0x00000000eab00000,0x00000000eab00000,0x00000000fda00000)
  from space 18432K, 0% used [0x00000000fee00000,0x00000000fee00000,0x0000000100000000)
  to   space 19456K, 0% used [0x00000000fda00000,0x00000000fda00000,0x00000000fed00000)
 ParOldGen       total 77312K, used 19845K [0x00000000c0000000, 0x00000000c4b80000, 0x00000000eab00000)
  object space 77312K, 25% used [0x00000000c0000000,0x00000000c1361758,0x00000000c4b80000)
 Metaspace       used 34296K, capacity 35174K, committed 35416K, reserved 1079296K
  class space    used 4565K, capacity 4921K, committed 4992K, reserved 1048576K
}
Event: 15.377 GC heap before
{Heap before GC invocations=11 (full 2):
 PSYoungGen      total 328704K, used 280194K [0x00000000eab00000, 0x0000000100000000, 0x0000000100000000)
  eden space 310272K, 90% used [0x00000000eab00000,0x00000000fbca0898,0x00000000fda00000)
  from space 18432K, 0% used [0x00000000fee00000,0x00000000fee00000,0x0000000100000000)
  to   space 19456K, 0% used [0x00000000fda00000,0x00000000fda00000,0x00000000fed00000)
 ParOldGen       total 77312K, used 19845K [0x00000000c0000000, 0x00000000c4b80000, 0x00000000eab00000)
  object space 77312K, 25% used [0x00000000c0000000,0x00000000c1361758,0x00000000c4b80000)
 Metaspace       used 43940K, capacity 45900K, committed 46040K, reserved 1089536K
  class space    used 6055K, capacity 6790K, committed 6912K, reserved 1048576K
Event: 15.432 GC heap after
Heap after GC invocations=11 (full 2):
 PSYoungGen      total 329728K, used 19454K [0x00000000eab00000, 0x0000000100000000, 0x0000000100000000)
  eden space 310272K, 0% used [0x00000000eab00000,0x00000000eab00000,0x00000000fda00000)
  from space 19456K, 99% used [0x00000000fda00000,0x00000000fecff818,0x00000000fed00000)
  to   space 19456K, 0% used [0x00000000fed00000,0x00000000fed00000,0x0000000100000000)
 ParOldGen       total 77312K, used 33963K [0x00000000c0000000, 0x00000000c4b80000, 0x00000000eab00000)
  object space 77312K, 43% used [0x00000000c0000000,0x00000000c212ac18,0x00000000c4b80000)
 Metaspace       used 43940K, capacity 45900K, committed 46040K, reserved 1089536K
  class space    used 6055K, capacity 6790K, committed 6912K, reserved 1048576K
}
Event: 15.432 GC heap before
{Heap before GC invocations=12 (full 3):
 PSYoungGen      total 329728K, used 19454K [0x00000000eab00000, 0x0000000100000000, 0x0000000100000000)
  eden space 310272K, 0% used [0x00000000eab00000,0x00000000eab00000,0x00000000fda00000)
  from space 19456K, 99% used [0x00000000fda00000,0x00000000fecff818,0x00000000fed00000)
  to   space 19456K, 0% used [0x00000000fed00000,0x00000000fed00000,0x0000000100000000)
 ParOldGen       total 77312K, used 33963K [0x00000000c0000000, 0x00000000c4b80000, 0x00000000eab00000)
  object space 77312K, 43% used [0x00000000c0000000,0x00000000c212ac18,0x00000000c4b80000)
 Metaspace       used 43940K, capacity 45900K, committed 46040K, reserved 1089536K
  class space    used 6055K, capacity 6790K, committed 6912K, reserved 1048576K
Event: 15.669 GC heap after
Heap after GC invocations=12 (full 3):
 PSYoungGen      total 329728K, used 0K [0x00000000eab00000, 0x0000000100000000, 0x0000000100000000)
  eden space 310272K, 0% used [0x00000000eab00000,0x00000000eab00000,0x00000000fda00000)
  from space 19456K, 0% used [0x00000000fda00000,0x00000000fda00000,0x00000000fed00000)
  to   space 19456K, 0% used [0x00000000fed00000,0x00000000fed00000,0x0000000100000000)
 ParOldGen       total 77312K, used 52053K [0x00000000c0000000, 0x00000000c4b80000, 0x00000000eab00000)
  object space 77312K, 67% used [0x00000000c0000000,0x00000000c32d55e8,0x00000000c4b80000)
 Metaspace       used 43940K, capacity 45900K, committed 46040K, reserved 1089536K
  class space    used 6055K, capacity 6790K, committed 6912K, reserved 1048576K
}

