# JRE version: Java(TM) SE Runtime Environment (8.0_45-b15) (build 1.8.0_45-b15)
# Java VM: Java HotSpot(TM) 64-Bit Server VM (25.45-b02 mixed mode windows-amd64 compressed oops)
Heap:
 PSYoungGen      total 328704K, used 47071K [0x00000000eab00000, 0x0000000100000000, 0x0000000100000000)
  eden space 310272K, 15% used [0x00000000eab00000,0x00000000ed8f7f18,0x00000000fda00000)
  from space 18432K, 0% used [0x00000000fee00000,0x00000000fee00000,0x0000000100000000)
  to   space 19456K, 0% used [0x00000000fda00000,0x00000000fda00000,0x00000000fed00000)
 ParOldGen       total 75776K, used 19810K [0x00000000c0000000, 0x00000000c4a00000, 0x00000000eab00000)
  object space 75776K, 26% used [0x00000000c0000000,0x00000000c1358a78,0x00000000c4a00000)
 Metaspace       used 36030K, capacity 37266K, committed 37592K, reserved 1081344K
  class space    used 4839K, capacity 5274K, committed 5376K, reserved 1048576K
GC Heap History (10 events):
Event: 5.410 GC heap before
{Heap before GC invocations=6 (full 1):
 PSYoungGen      total 118784K, used 118569K [0x00000000eab00000, 0x00000000f3380000, 0x0000000100000000)
  eden space 117248K, 100% used [0x00000000eab00000,0x00000000f1d80000,0x00000000f1d80000)
  from space 1536K, 86% used [0x00000000f3200000,0x00000000f334a680,0x00000000f3380000)
  to   space 5120K, 0% used [0x00000000f2980000,0x00000000f2980000,0x00000000f2e80000)
 ParOldGen       total 59392K, used 11136K [0x00000000c0000000, 0x00000000c3a00000, 0x00000000eab00000)
  object space 59392K, 18% used [0x00000000c0000000,0x00000000c0ae0040,0x00000000c3a00000)
 Metaspace       used 23527K, capacity 24160K, committed 24320K, reserved 1071104K
  class space    used 3055K, capacity 3278K, committed 3328K, reserved 1048576K
Event: 5.417 GC heap after
Heap after GC invocations=6 (full 1):
 PSYoungGen      total 134656K, used 4152K [0x00000000eab00000, 0x00000000f8a00000, 0x0000000100000000)
  eden space 129536K, 0% used [0x00000000eab00000,0x00000000eab00000,0x00000000f2980000)
  from space 5120K, 81% used [0x00000000f2980000,0x00000000f2d8e3c8,0x00000000f2e80000)
  to   space 12800K, 0% used [0x00000000f7d80000,0x00000000f7d80000,0x00000000f8a00000)
 ParOldGen       total 59392K, used 11136K [0x00000000c0000000, 0x00000000c3a00000, 0x00000000eab00000)
  object space 59392K, 18% used [0x00000000c0000000,0x00000000c0ae0040,0x00000000c3a00000)
 Metaspace       used 23527K, capacity 24160K, committed 24320K, reserved 1071104K
  class space    used 3055K, capacity 3278K, committed 3328K, reserved 1048576K
}
Event: 5.689 GC heap before
{Heap before GC invocations=7 (full 1):
 PSYoungGen      total 134656K, used 133688K [0x00000000eab00000, 0x00000000f8a00000, 0x0000000100000000)
  eden space 129536K, 100% used [0x00000000eab00000,0x00000000f2980000,0x00000000f2980000)
  from space 5120K, 81% used [0x00000000f2980000,0x00000000f2d8e3c8,0x00000000f2e80000)
  to   space 12800K, 0% used [0x00000000f7d80000,0x00000000f7d80000,0x00000000f8a00000)
 ParOldGen       total 59392K, used 11136K [0x00000000c0000000, 0x00000000c3a00000, 0x00000000eab00000)
  object space 59392K, 18% used [0x00000000c0000000,0x00000000c0ae0040,0x00000000c3a00000)
 Metaspace       used 23532K, capacity 24160K, committed 24320K, reserved 1071104K
  class space    used 3055K, capacity 3278K, committed 3328K, reserved 1048576K
Event: 5.694 GC heap after
Heap after GC invocations=7 (full 1):
 PSYoungGen      total 216064K, used 3664K [0x00000000eab00000, 0x00000000f9b80000, 0x0000000100000000)
  eden space 203264K, 0% used [0x00000000eab00000,0x00000000eab00000,0x00000000f7180000)
  from space 12800K, 28% used [0x00000000f7d80000,0x00000000f8114050,0x00000000f8a00000)
  to   space 12288K, 0% used [0x00000000f7180000,0x00000000f7180000,0x00000000f7d80000)
 ParOldGen       total 59392K, used 11136K [0x00000000c0000000, 0x00000000c3a00000, 0x00000000eab00000)
  object space 59392K, 18% used [0x00000000c0000000,0x00000000c0ae0040,0x00000000c3a00000)
 Metaspace       used 23532K, capacity 24160K, committed 24320K, reserved 1071104K
  class space    used 3055K, capacity 3278K, committed 3328K, reserved 1048576K
}
Event: 8.569 GC heap before
{Heap before GC invocations=8 (full 1):
 PSYoungGen      total 216064K, used 206928K [0x00000000eab00000, 0x00000000f9b80000, 0x0000000100000000)
  eden space 203264K, 100% used [0x00000000eab00000,0x00000000f7180000,0x00000000f7180000)
  from space 12800K, 28% used [0x00000000f7d80000,0x00000000f8114050,0x00000000f8a00000)
  to   space 12288K, 0% used [0x00000000f7180000,0x00000000f7180000,0x00000000f7d80000)
 ParOldGen       total 59392K, used 11136K [0x00000000c0000000, 0x00000000c3a00000, 0x00000000eab00000)
  object space 59392K, 18% used [0x00000000c0000000,0x00000000c0ae0040,0x00000000c3a00000)
 Metaspace       used 33515K, capacity 34668K, committed 34944K, reserved 1079296K
  class space    used 4478K, capacity 4917K, committed 4992K, reserved 1048576K
Event: 8.587 GC heap after
Heap after GC invocations=8 (full 1):
 PSYoungGen      total 215552K, used 12272K [0x00000000eab00000, 0x0000000100000000, 0x0000000100000000)
  eden space 203264K, 0% used [0x00000000eab00000,0x00000000eab00000,0x00000000f7180000)
  from space 12288K, 99% used [0x00000000f7180000,0x00000000f7d7c000,0x00000000f7d80000)
  to   space 18432K, 0% used [0x00000000fee00000,0x00000000fee00000,0x0000000100000000)
 ParOldGen       total 59392K, used 18285K [0x00000000c0000000, 0x00000000c3a00000, 0x00000000eab00000)
  object space 59392K, 30% used [0x00000000c0000000,0x00000000c11db7e8,0x00000000c3a00000)
 Metaspace       used 33515K, capacity 34668K, committed 34944K, reserved 1079296K
  class space    used 4478K, capacity 4917K, committed 4992K, reserved 1048576K
}
Event: 8.678 GC heap before
{Heap before GC invocations=9 (full 1):
 PSYoungGen      total 215552K, used 27838K [0x00000000eab00000, 0x0000000100000000, 0x0000000100000000)
  eden space 203264K, 7% used [0x00000000eab00000,0x00000000eba33898,0x00000000f7180000)
  from space 12288K, 99% used [0x00000000f7180000,0x00000000f7d7c000,0x00000000f7d80000)
  to   space 18432K, 0% used [0x00000000fee00000,0x00000000fee00000,0x0000000100000000)
 ParOldGen       total 59392K, used 18285K [0x00000000c0000000, 0x00000000c3a00000, 0x00000000eab00000)
  object space 59392K, 30% used [0x00000000c0000000,0x00000000c11db7e8,0x00000000c3a00000)
 Metaspace       used 34339K, capacity 35402K, committed 35416K, reserved 1079296K
  class space    used 4579K, capacity 4989K, committed 4992K, reserved 1048576K
Event: 8.701 GC heap after
Heap after GC invocations=9 (full 1):
 PSYoungGen      total 328704K, used 12770K [0x00000000eab00000, 0x0000000100000000, 0x0000000100000000)
  eden space 310272K, 0% used [0x00000000eab00000,0x00000000eab00000,0x00000000fda00000)
  from space 18432K, 69% used [0x00000000fee00000,0x00000000ffa789f8,0x0000000100000000)
  to   space 19456K, 0% used [0x00000000fda00000,0x00000000fda00000,0x00000000fed00000)
 ParOldGen       total 59392K, used 19066K [0x00000000c0000000, 0x00000000c3a00000, 0x00000000eab00000)
  object space 59392K, 32% used [0x00000000c0000000,0x00000000c129e838,0x00000000c3a00000)
 Metaspace       used 34339K, capacity 35402K, committed 35416K, reserved 1079296K
  class space    used 4579K, capacity 4989K, committed 4992K, reserved 1048576K
}
Event: 8.701 GC heap before
{Heap before GC invocations=10 (full 2):
 PSYoungGen      total 328704K, used 12770K [0x00000000eab00000, 0x0000000100000000, 0x0000000100000000)
  eden space 310272K, 0% used [0x00000000eab00000,0x00000000eab00000,0x00000000fda00000)
  from space 18432K, 69% used [0x00000000fee00000,0x00000000ffa789f8,0x0000000100000000)
  to   space 19456K, 0% used [0x00000000fda00000,0x00000000fda00000,0x00000000fed00000)
 ParOldGen       total 59392K, used 19066K [0x00000000c0000000, 0x00000000c3a00000, 0x00000000eab00000)
  object space 59392K, 32% used [0x00000000c0000000,0x00000000c129e838,0x00000000c3a00000)
 Metaspace       used 34339K, capacity 35402K, committed 35416K, reserved 1079296K
  class space    used 4579K, capacity 4989K, committed 4992K, reserved 1048576K
Event: 8.769 GC heap after
Heap after GC invocations=10 (full 2):
 PSYoungGen      total 328704K, used 0K [0x00000000eab00000, 0x0000000100000000, 0x0000000100000000)
  eden space 310272K, 0% used [0x00000000eab00000,0x00000000eab00000,0x00000000fda00000)
  from space 18432K, 0% used [0x00000000fee00000,0x00000000fee00000,0x0000000100000000)
  to   space 19456K, 0% used [0x00000000fda00000,0x00000000fda00000,0x00000000fed00000)
 ParOldGen       total 75776K, used 19810K [0x00000000c0000000, 0x00000000c4a00000, 0x00000000eab00000)
  object space 75776K, 26% used [0x00000000c0000000,0x00000000c1358a78,0x00000000c4a00000)
 Metaspace       used 34272K, capacity 35174K, committed 35416K, reserved 1079296K
  class space    used 4565K, capacity 4921K, committed 4992K, reserved 1048576K
}

